This is pdfTeX, Version 3.14159265-2.6-1.40.20 (MiKTeX 2.9.7000 64-bit) (preloaded format=pdflatex 2019.7.11)  30 JUL 2019 00:47
entering extended mode
**C:/Users/SHIV/Documents/Projects/Latex/Library-Permission/.build/renderer_tem
plate.tex

(C:/Users/SHIV/Documents/Projects/Latex/Library-Permission/.build/renderer_temp
late.tex
LaTeX2e <2018-12-01>
("C:\Users\SHIV\AppData\Local\Programs\MiKTeX 2.9\tex/latex/base\article.cls"
Document Class: article 2018/09/03 v1.4i Standard LaTeX document class
("C:\Users\SHIV\AppData\Local\Programs\MiKTeX 2.9\tex/latex/base\size12.clo"
File: size12.clo 2018/09/03 v1.4i Standard LaTeX file (size option)
)
\c@part=\count80
\c@section=\count81
\c@subsection=\count82
\c@subsubsection=\count83
\c@paragraph=\count84
\c@subparagraph=\count85
\c@figure=\count86
\c@table=\count87
\abovecaptionskip=\skip41
\belowcaptionskip=\skip42
\bibindent=\dimen102
)
(C:\Users\SHIV\Documents\Projects\Latex\Library-Permission\.build\renderer_temp
late.aux)
\openout1 = `renderer_template.aux'.

LaTeX Font Info:    Checking defaults for OML/cmm/m/it on input line 5.
LaTeX Font Info:    ... okay on input line 5.
LaTeX Font Info:    Checking defaults for T1/cmr/m/n on input line 5.
LaTeX Font Info:    ... okay on input line 5.
LaTeX Font Info:    Checking defaults for OT1/cmr/m/n on input line 5.
LaTeX Font Info:    ... okay on input line 5.
LaTeX Font Info:    Checking defaults for OMS/cmsy/m/n on input line 5.
LaTeX Font Info:    ... okay on input line 5.
LaTeX Font Info:    Checking defaults for OMX/cmex/m/n on input line 5.
LaTeX Font Info:    ... okay on input line 5.
LaTeX Font Info:    Checking defaults for U/cmr/m/n on input line 5.
LaTeX Font Info:    ... okay on input line 5.
LaTeX Font Info:    External font `cmex10' loaded for size
(Font)              <14.4> on input line 8.
LaTeX Font Info:    External font `cmex10' loaded for size
(Font)              <7> on input line 8.


LaTeX Warning: No \author given.


Underfull \hbox (badness 10000) in paragraph at lines 9--19

 []


Underfull \hbox (badness 10000) in paragraph at lines 9--19

 []


Underfull \hbox (badness 10000) in paragraph at lines 9--19

 []


Underfull \hbox (badness 10000) in paragraph at lines 9--19

 []


Underfull \hbox (badness 10000) in paragraph at lines 21--34

 []

[1

{C:/Users/SHIV/AppData/Local/MiKTeX/2.9/pdftex/config/pdftex.map}]
(C:\Users\SHIV\Documents\Projects\Latex\Library-Permission\.build\renderer_temp
late.aux) ) 
Here is how much of TeX's memory you used:
 217 strings out of 492942
 3140 string characters out of 3126660
 60453 words of memory out of 3000000
 4196 multiletter control sequences out of 15000+200000
 5457 words of font info for 20 fonts, out of 3000000 for 9000
 1141 hyphenation exceptions out of 8191
 22i,6n,19p,189b,193s stack positions out of 5000i,500n,10000p,200000b,50000s
<C:/Users/SHIV/AppData/Local/Programs/MiKTeX 2.9/fonts/type1/public/
amsfonts/cm/cmbx12.pfb><C:/Users/SHIV/AppData/Local/Programs/MiKTeX 2.9/fonts/t
ype1/public/amsfonts/cm/cmr12.pfb><C:/Users/SHIV/AppData/Local/Programs/MiKTeX 
2.9/fonts/type1/public/amsfonts/cm/cmr17.pfb>
Output written on C:\Users\SHIV\Documents\Projects\Latex\Library-Permission\.bu
ild\renderer_template.pdf (1 page, 37092 bytes).
PDF statistics:
 18 PDF objects out of 1000 (max. 8388607)
 0 named destinations out of 1000 (max. 500000)
 1 words of extra memory for PDF output out of 10000 (max. 10000000)

